2016-11-19/23:58:10 [@local/src/awesomeOrder/logs.TestLog log_test.go:8] [TRC]: trace ...
2016-11-19/23:58:10 [@local/src/awesomeOrder/logs.TestLog log_test.go:9] [DBG]: debug ...
2016-11-19/23:58:10 [@local/src/awesomeOrder/logs.TestLog log_test.go:10] [INF]: info ...
2016-11-19/23:58:10 [@local/src/awesomeOrder/logs.TestLog log_test.go:11] [WRN]: warn ...
2016-11-19/23:58:10 [@local/src/awesomeOrder/logs.TestLog log_test.go:12] [ERR]: error ...
2016-11-19/23:58:10 [@local/src/awesomeOrder/logs.TestLog log_test.go:13] [CRT]: critical ...
2016-11-20/00:14:33 [@local/src/awesomeOrder/logs.TestLog log_test.go:8] [TRC]: trace ...
2016-11-20/00:14:33 [@local/src/awesomeOrder/logs.TestLog log_test.go:9] [DBG]: debug ...
2016-11-20/00:14:33 [@local/src/awesomeOrder/logs.TestLog log_test.go:10] [INF]: info ...
2016-11-20/00:14:33 [@local/src/awesomeOrder/logs.TestLog log_test.go:11] [WRN]: warn ...
2016-11-20/00:14:33 [@local/src/awesomeOrder/logs.TestLog log_test.go:12] [ERR]: error ...
2016-11-20/00:14:33 [@local/src/awesomeOrder/logs.TestLog log_test.go:13] [CRT]: critical ...
2016-11-20/00:15:14 [@local/src/awesomeOrder/logs.TestLog log_test.go:8] [TRC]: trace ...
2016-11-20/00:15:14 [@local/src/awesomeOrder/logs.TestLog log_test.go:9] [DBG]: debug ...
2016-11-20/00:15:14 [@local/src/awesomeOrder/logs.TestLog log_test.go:10] [INF]: info ...
2016-11-20/00:15:14 [@local/src/awesomeOrder/logs.TestLog log_test.go:11] [WRN]: warn ...
2016-11-20/00:15:14 [@local/src/awesomeOrder/logs.TestLog log_test.go:12] [ERR]: error ...
2016-11-20/00:15:14 [@local/src/awesomeOrder/logs.TestLog log_test.go:13] [CRT]: critical ...
2016-11-20/00:19:37 [@local/src/awesomeOrder/logs.TestLog log_test.go:8] [TRC]: trace ...
2016-11-20/00:19:37 [@local/src/awesomeOrder/logs.TestLog log_test.go:9] [DBG]: debug ...
2016-11-20/00:19:37 [@local/src/awesomeOrder/logs.TestLog log_test.go:10] [INF]: info ...
2016-11-20/00:19:37 [@local/src/awesomeOrder/logs.TestLog log_test.go:11] [WRN]: warn ...
2016-11-20/00:19:37 [@local/src/awesomeOrder/logs.TestLog log_test.go:12] [ERR]: error ...
2016-11-20/00:19:37 [@local/src/awesomeOrder/logs.TestLog log_test.go:13] [CRT]: critical ...
2016-11-20/00:20:20 [@local/src/awesomeOrder/logs.TestLog log_test.go:8] [TRC]: trace ...
2016-11-20/00:20:20 [@local/src/awesomeOrder/logs.TestLog log_test.go:9] [DBG]: debug ...
2016-11-20/00:20:20 [@local/src/awesomeOrder/logs.TestLog log_test.go:10] [INF]: info ...
2016-11-20/00:20:20 [@local/src/awesomeOrder/logs.TestLog log_test.go:11] [WRN]: warn ...
2016-11-20/00:20:20 [@local/src/awesomeOrder/logs.TestLog log_test.go:12] [ERR]: error ...
2016-11-20/00:20:20 [@local/src/awesomeOrder/logs.TestLog log_test.go:13] [CRT]: critical ...
2016-11-20/00:22:11 [@local/src/awesomeOrder/logs.TestLog log_test.go:8] [TRC]: trace ...
2016-11-20/00:22:11 [@local/src/awesomeOrder/logs.TestLog log_test.go:9] [DBG]: debug ...
2016-11-20/00:22:11 [@local/src/awesomeOrder/logs.TestLog log_test.go:10] [INF]: info ...
2016-11-20/00:22:11 [@local/src/awesomeOrder/logs.TestLog log_test.go:11] [WRN]: warn ...
2016-11-20/00:22:11 [@local/src/awesomeOrder/logs.TestLog log_test.go:12] [ERR]: error ...
2016-11-20/00:22:11 [@local/src/awesomeOrder/logs.TestLog log_test.go:13] [CRT]: critical ...
2016-11-20/00:22:56 [@local/src/awesomeOrder/logs.TestLog log_test.go:8] [TRC]: trace ...
2016-11-20/00:22:56 [@local/src/awesomeOrder/logs.TestLog log_test.go:9] [DBG]: debug ...
2016-11-20/00:22:56 [@local/src/awesomeOrder/logs.TestLog log_test.go:10] [INF]: info ...
2016-11-20/00:22:56 [@local/src/awesomeOrder/logs.TestLog log_test.go:11] [WRN]: warn ...
2016-11-20/00:22:56 [@local/src/awesomeOrder/logs.TestLog log_test.go:12] [ERR]: error ...
2016-11-20/00:22:56 [@local/src/awesomeOrder/logs.TestLog log_test.go:13] [CRT]: critical ...
